0 info it worked if it ends with ok
1 verbose cli [ '/usr/local/bin/node', '/usr/local/bin/npm', 'install', 'ssh' ]
2 info using npm@3.10.9
3 info using node@v7.1.0
4 silly loadCurrentTree Starting
5 silly install loadCurrentTree
6 silly install readLocalPackageData
7 silly fetchPackageMetaData ssh
8 silly fetchNamedPackageData ssh
9 silly mapToRegistry name ssh
10 silly mapToRegistry using default registry
11 silly mapToRegistry registry https://registry.npmjs.org/
12 silly mapToRegistry data Result {
12 silly mapToRegistry   raw: 'ssh',
12 silly mapToRegistry   scope: null,
12 silly mapToRegistry   escapedName: 'ssh',
12 silly mapToRegistry   name: 'ssh',
12 silly mapToRegistry   rawSpec: '',
12 silly mapToRegistry   spec: 'latest',
12 silly mapToRegistry   type: 'tag' }
13 silly mapToRegistry uri https://registry.npmjs.org/ssh
14 verbose request uri https://registry.npmjs.org/ssh
15 verbose request no auth needed
16 info attempt registry request try #1 at 2:19:54 AM
17 verbose request id da5a567184a36873
18 http request GET https://registry.npmjs.org/ssh
19 http 200 https://registry.npmjs.org/ssh
20 verbose headers { server: 'nginx/1.10.1',
20 verbose headers   'content-type': 'application/json',
20 verbose headers   'last-modified': 'Fri, 08 May 2015 20:32:44 GMT',
20 verbose headers   etag: 'W/"554d1d6c-8299"',
20 verbose headers   'content-encoding': 'gzip',
20 verbose headers   'cache-control': 'max-age=300',
20 verbose headers   'content-length': '6657',
20 verbose headers   'accept-ranges': 'bytes',
20 verbose headers   date: 'Sun, 01 Jan 2017 07:19:54 GMT',
20 verbose headers   via: '1.1 varnish',
20 verbose headers   age: '0',
20 verbose headers   connection: 'keep-alive',
20 verbose headers   'x-served-by': 'cache-ord1729-ORD',
20 verbose headers   'x-cache': 'MISS',
20 verbose headers   'x-cache-hits': '0',
20 verbose headers   'x-timer': 'S1483255194.360067,VS0,VE20',
20 verbose headers   vary: 'Accept-Encoding' }
21 silly get cb [ 200,
21 silly get   { server: 'nginx/1.10.1',
21 silly get     'content-type': 'application/json',
21 silly get     'last-modified': 'Fri, 08 May 2015 20:32:44 GMT',
21 silly get     etag: 'W/"554d1d6c-8299"',
21 silly get     'content-encoding': 'gzip',
21 silly get     'cache-control': 'max-age=300',
21 silly get     'content-length': '6657',
21 silly get     'accept-ranges': 'bytes',
21 silly get     date: 'Sun, 01 Jan 2017 07:19:54 GMT',
21 silly get     via: '1.1 varnish',
21 silly get     age: '0',
21 silly get     connection: 'keep-alive',
21 silly get     'x-served-by': 'cache-ord1729-ORD',
21 silly get     'x-cache': 'MISS',
21 silly get     'x-cache-hits': '0',
21 silly get     'x-timer': 'S1483255194.360067,VS0,VE20',
21 silly get     vary: 'Accept-Encoding' } ]
22 verbose get saving ssh to /Users/apt/.npm/registry.npmjs.org/ssh/.cache.json
23 verbose correctMkdir /Users/apt/.npm correctMkdir not in flight; initializing
24 silly install normalizeTree
25 silly loadCurrentTree Finishing
26 silly loadIdealTree Starting
27 silly install loadIdealTree
28 silly cloneCurrentTree Starting
29 silly install cloneCurrentTreeToIdealTree
30 silly cloneCurrentTree Finishing
31 silly loadShrinkwrap Starting
32 silly install loadShrinkwrap
33 silly loadShrinkwrap Finishing
34 silly loadAllDepsIntoIdealTree Starting
35 silly install loadAllDepsIntoIdealTree
36 silly resolveWithNewModule ssh@1.8.0 checking installable status
37 silly cache add args [ 'ssh', null ]
38 verbose cache add spec ssh
39 silly cache add parsed spec Result {
39 silly cache add   raw: 'ssh',
39 silly cache add   scope: null,
39 silly cache add   escapedName: 'ssh',
39 silly cache add   name: 'ssh',
39 silly cache add   rawSpec: '',
39 silly cache add   spec: 'latest',
39 silly cache add   type: 'tag' }
40 silly addNamed ssh@latest
41 verbose addNamed "latest" is being treated as a dist-tag for ssh
42 info addNameTag [ 'ssh', 'latest' ]
43 silly mapToRegistry name ssh
44 silly mapToRegistry using default registry
45 silly mapToRegistry registry https://registry.npmjs.org/
46 silly mapToRegistry data Result {
46 silly mapToRegistry   raw: 'ssh',
46 silly mapToRegistry   scope: null,
46 silly mapToRegistry   escapedName: 'ssh',
46 silly mapToRegistry   name: 'ssh',
46 silly mapToRegistry   rawSpec: '',
46 silly mapToRegistry   spec: 'latest',
46 silly mapToRegistry   type: 'tag' }
47 silly mapToRegistry uri https://registry.npmjs.org/ssh
48 verbose addNameTag registry:https://registry.npmjs.org/ssh not in flight; fetching
49 verbose get https://registry.npmjs.org/ssh not expired, no request
50 silly addNameTag next cb for ssh with tag latest
51 silly addNamed ssh@1.8.0
52 verbose addNamed "1.8.0" is a plain semver version for ssh
53 silly mapToRegistry name ssh
54 silly mapToRegistry using default registry
55 silly mapToRegistry registry https://registry.npmjs.org/
56 silly mapToRegistry data Result {
56 silly mapToRegistry   raw: 'ssh',
56 silly mapToRegistry   scope: null,
56 silly mapToRegistry   escapedName: 'ssh',
56 silly mapToRegistry   name: 'ssh',
56 silly mapToRegistry   rawSpec: '',
56 silly mapToRegistry   spec: 'latest',
56 silly mapToRegistry   type: 'tag' }
57 silly mapToRegistry uri https://registry.npmjs.org/ssh
58 verbose addRemoteTarball https://registry.npmjs.org/ssh/-/ssh-1.8.0.tgz not in flight; adding
59 verbose addRemoteTarball [ 'https://registry.npmjs.org/ssh/-/ssh-1.8.0.tgz',
59 verbose addRemoteTarball   'd959af33f75efaf908713c1c328c485692a9635a' ]
60 info retry fetch attempt 1 at 2:19:54 AM
61 info attempt registry request try #1 at 2:19:54 AM
62 http fetch GET https://registry.npmjs.org/ssh/-/ssh-1.8.0.tgz
63 http fetch 200 https://registry.npmjs.org/ssh/-/ssh-1.8.0.tgz
64 silly fetchAndShaCheck shasum d959af33f75efaf908713c1c328c485692a9635a
65 verbose addTmpTarball /tmp/npm-1609-367c365f/registry.npmjs.org/ssh/-/ssh-1.8.0.tgz not in flight; adding
66 verbose addTmpTarball already have metadata; skipping unpack for ssh@1.8.0
67 verbose correctMkdir /Users/apt/.npm correctMkdir not in flight; initializing
68 silly cache afterAdd ssh@1.8.0
69 verbose afterAdd /Users/apt/.npm/ssh/1.8.0/package/package.json not in flight; writing
70 verbose correctMkdir /Users/apt/.npm correctMkdir not in flight; initializing
71 verbose afterAdd /Users/apt/.npm/ssh/1.8.0/package/package.json written
72 silly fetchNamedPackageData bindings
73 silly mapToRegistry name bindings
74 silly mapToRegistry using default registry
75 silly mapToRegistry registry https://registry.npmjs.org/
76 silly mapToRegistry data Result {
76 silly mapToRegistry   raw: 'bindings',
76 silly mapToRegistry   scope: null,
76 silly mapToRegistry   escapedName: 'bindings',
76 silly mapToRegistry   name: 'bindings',
76 silly mapToRegistry   rawSpec: '',
76 silly mapToRegistry   spec: 'latest',
76 silly mapToRegistry   type: 'tag' }
77 silly mapToRegistry uri https://registry.npmjs.org/bindings
78 silly fetchNamedPackageData nan
79 silly mapToRegistry name nan
80 silly mapToRegistry using default registry
81 silly mapToRegistry registry https://registry.npmjs.org/
82 silly mapToRegistry data Result {
82 silly mapToRegistry   raw: 'nan',
82 silly mapToRegistry   scope: null,
82 silly mapToRegistry   escapedName: 'nan',
82 silly mapToRegistry   name: 'nan',
82 silly mapToRegistry   rawSpec: '',
82 silly mapToRegistry   spec: 'latest',
82 silly mapToRegistry   type: 'tag' }
83 silly mapToRegistry uri https://registry.npmjs.org/nan
84 verbose request uri https://registry.npmjs.org/bindings
85 verbose request no auth needed
86 info attempt registry request try #1 at 2:19:54 AM
87 http request GET https://registry.npmjs.org/bindings
88 verbose request uri https://registry.npmjs.org/nan
89 verbose request no auth needed
90 info attempt registry request try #1 at 2:19:54 AM
91 http request GET https://registry.npmjs.org/nan
92 http 200 https://registry.npmjs.org/bindings
93 verbose headers { server: 'nginx/1.10.1',
93 verbose headers   'content-type': 'application/json',
93 verbose headers   'last-modified': 'Tue, 18 Oct 2016 15:54:59 GMT',
93 verbose headers   etag: 'W/"580645d3-46f7"',
93 verbose headers   'content-encoding': 'gzip',
93 verbose headers   'cache-control': 'max-age=300',
93 verbose headers   'content-length': '3493',
93 verbose headers   'accept-ranges': 'bytes',
93 verbose headers   date: 'Sun, 01 Jan 2017 07:19:54 GMT',
93 verbose headers   via: '1.1 varnish',
93 verbose headers   age: '128',
93 verbose headers   connection: 'keep-alive',
93 verbose headers   'x-served-by': 'cache-ord1729-ORD',
93 verbose headers   'x-cache': 'HIT',
93 verbose headers   'x-cache-hits': '1',
93 verbose headers   'x-timer': 'S1483255194.889399,VS0,VE0',
93 verbose headers   vary: 'Accept-Encoding' }
94 silly get cb [ 200,
94 silly get   { server: 'nginx/1.10.1',
94 silly get     'content-type': 'application/json',
94 silly get     'last-modified': 'Tue, 18 Oct 2016 15:54:59 GMT',
94 silly get     etag: 'W/"580645d3-46f7"',
94 silly get     'content-encoding': 'gzip',
94 silly get     'cache-control': 'max-age=300',
94 silly get     'content-length': '3493',
94 silly get     'accept-ranges': 'bytes',
94 silly get     date: 'Sun, 01 Jan 2017 07:19:54 GMT',
94 silly get     via: '1.1 varnish',
94 silly get     age: '128',
94 silly get     connection: 'keep-alive',
94 silly get     'x-served-by': 'cache-ord1729-ORD',
94 silly get     'x-cache': 'HIT',
94 silly get     'x-cache-hits': '1',
94 silly get     'x-timer': 'S1483255194.889399,VS0,VE0',
94 silly get     vary: 'Accept-Encoding' } ]
95 verbose get saving bindings to /Users/apt/.npm/registry.npmjs.org/bindings/.cache.json
96 verbose correctMkdir /Users/apt/.npm correctMkdir not in flight; initializing
97 silly resolveWithNewModule bindings@1.2.1 checking installable status
98 silly cache add args [ 'bindings@*', null ]
99 verbose cache add spec bindings@*
100 silly cache add parsed spec Result {
100 silly cache add   raw: 'bindings@*',
100 silly cache add   scope: null,
100 silly cache add   escapedName: 'bindings',
100 silly cache add   name: 'bindings',
100 silly cache add   rawSpec: '*',
100 silly cache add   spec: '*',
100 silly cache add   type: 'range' }
101 silly addNamed bindings@*
102 verbose addNamed "*" is a valid semver range for bindings
103 silly addNameRange { name: 'bindings', range: '*', hasData: false }
104 silly mapToRegistry name bindings
105 silly mapToRegistry using default registry
106 silly mapToRegistry registry https://registry.npmjs.org/
107 silly mapToRegistry data Result {
107 silly mapToRegistry   raw: 'bindings',
107 silly mapToRegistry   scope: null,
107 silly mapToRegistry   escapedName: 'bindings',
107 silly mapToRegistry   name: 'bindings',
107 silly mapToRegistry   rawSpec: '',
107 silly mapToRegistry   spec: 'latest',
107 silly mapToRegistry   type: 'tag' }
108 silly mapToRegistry uri https://registry.npmjs.org/bindings
109 verbose addNameRange registry:https://registry.npmjs.org/bindings not in flight; fetching
110 verbose get https://registry.npmjs.org/bindings not expired, no request
111 silly addNameRange number 2 { name: 'bindings', range: '*', hasData: true }
112 silly addNameRange versions [ 'bindings',
112 silly addNameRange   [ '0.0.1',
112 silly addNameRange     '0.1.0',
112 silly addNameRange     '0.1.1',
112 silly addNameRange     '0.2.0',
112 silly addNameRange     '0.2.1',
112 silly addNameRange     '0.2.2',
112 silly addNameRange     '0.2.3',
112 silly addNameRange     '0.2.4',
112 silly addNameRange     '0.3.0',
112 silly addNameRange     '0.4.0',
112 silly addNameRange     '1.0.0',
112 silly addNameRange     '1.1.0',
112 silly addNameRange     '1.1.1',
112 silly addNameRange     '1.2.0',
112 silly addNameRange     '1.2.1' ] ]
113 silly addNamed bindings@1.2.1
114 verbose addNamed "1.2.1" is a plain semver version for bindings
115 silly mapToRegistry name bindings
116 silly mapToRegistry using default registry
117 silly mapToRegistry registry https://registry.npmjs.org/
118 silly mapToRegistry data Result {
118 silly mapToRegistry   raw: 'bindings',
118 silly mapToRegistry   scope: null,
118 silly mapToRegistry   escapedName: 'bindings',
118 silly mapToRegistry   name: 'bindings',
118 silly mapToRegistry   rawSpec: '',
118 silly mapToRegistry   spec: 'latest',
118 silly mapToRegistry   type: 'tag' }
119 silly mapToRegistry uri https://registry.npmjs.org/bindings
120 verbose addRemoteTarball https://registry.npmjs.org/bindings/-/bindings-1.2.1.tgz not in flight; adding
121 verbose addRemoteTarball [ 'https://registry.npmjs.org/bindings/-/bindings-1.2.1.tgz',
121 verbose addRemoteTarball   '14ad6113812d2d37d72e67b4cacb4bb726505f11' ]
122 info retry fetch attempt 1 at 2:19:54 AM
123 info attempt registry request try #1 at 2:19:54 AM
124 http fetch GET https://registry.npmjs.org/bindings/-/bindings-1.2.1.tgz
125 http fetch 200 https://registry.npmjs.org/bindings/-/bindings-1.2.1.tgz
126 silly fetchAndShaCheck shasum 14ad6113812d2d37d72e67b4cacb4bb726505f11
127 verbose addTmpTarball /tmp/npm-1609-367c365f/registry.npmjs.org/bindings/-/bindings-1.2.1.tgz not in flight; adding
128 verbose addTmpTarball already have metadata; skipping unpack for bindings@1.2.1
129 verbose correctMkdir /Users/apt/.npm correctMkdir not in flight; initializing
130 silly cache afterAdd bindings@1.2.1
131 verbose afterAdd /Users/apt/.npm/bindings/1.2.1/package/package.json not in flight; writing
132 verbose correctMkdir /Users/apt/.npm correctMkdir not in flight; initializing
133 verbose afterAdd /Users/apt/.npm/bindings/1.2.1/package/package.json written
134 http 200 https://registry.npmjs.org/nan
135 verbose headers { server: 'nginx/1.10.1',
135 verbose headers   'content-type': 'application/json',
135 verbose headers   'last-modified': 'Wed, 21 Dec 2016 18:49:51 GMT',
135 verbose headers   etag: 'W/"585acecf-1d7db"',
135 verbose headers   'content-encoding': 'gzip',
135 verbose headers   'cache-control': 'max-age=300',
135 verbose headers   'content-length': '14296',
135 verbose headers   'accept-ranges': 'bytes',
135 verbose headers   date: 'Sun, 01 Jan 2017 07:19:54 GMT',
135 verbose headers   via: '1.1 varnish',
135 verbose headers   age: '75',
135 verbose headers   connection: 'keep-alive',
135 verbose headers   'x-served-by': 'cache-ord1728-ORD',
135 verbose headers   'x-cache': 'HIT',
135 verbose headers   'x-cache-hits': '769',
135 verbose headers   'x-timer': 'S1483255194.959687,VS0,VE0',
135 verbose headers   vary: 'Accept-Encoding' }
136 silly get cb [ 200,
136 silly get   { server: 'nginx/1.10.1',
136 silly get     'content-type': 'application/json',
136 silly get     'last-modified': 'Wed, 21 Dec 2016 18:49:51 GMT',
136 silly get     etag: 'W/"585acecf-1d7db"',
136 silly get     'content-encoding': 'gzip',
136 silly get     'cache-control': 'max-age=300',
136 silly get     'content-length': '14296',
136 silly get     'accept-ranges': 'bytes',
136 silly get     date: 'Sun, 01 Jan 2017 07:19:54 GMT',
136 silly get     via: '1.1 varnish',
136 silly get     age: '75',
136 silly get     connection: 'keep-alive',
136 silly get     'x-served-by': 'cache-ord1728-ORD',
136 silly get     'x-cache': 'HIT',
136 silly get     'x-cache-hits': '769',
136 silly get     'x-timer': 'S1483255194.959687,VS0,VE0',
136 silly get     vary: 'Accept-Encoding' } ]
137 verbose get saving nan to /Users/apt/.npm/registry.npmjs.org/nan/.cache.json
138 verbose correctMkdir /Users/apt/.npm correctMkdir not in flight; initializing
139 silly resolveWithNewModule nan@1.9.0 checking installable status
140 silly cache add args [ 'nan@^1.8.4', null ]
141 verbose cache add spec nan@^1.8.4
142 silly cache add parsed spec Result {
142 silly cache add   raw: 'nan@^1.8.4',
142 silly cache add   scope: null,
142 silly cache add   escapedName: 'nan',
142 silly cache add   name: 'nan',
142 silly cache add   rawSpec: '^1.8.4',
142 silly cache add   spec: '>=1.8.4 <2.0.0',
142 silly cache add   type: 'range' }
143 silly addNamed nan@>=1.8.4 <2.0.0
144 verbose addNamed ">=1.8.4 <2.0.0" is a valid semver range for nan
145 silly addNameRange { name: 'nan', range: '>=1.8.4 <2.0.0', hasData: false }
146 silly mapToRegistry name nan
147 silly mapToRegistry using default registry
148 silly mapToRegistry registry https://registry.npmjs.org/
149 silly mapToRegistry data Result {
149 silly mapToRegistry   raw: 'nan',
149 silly mapToRegistry   scope: null,
149 silly mapToRegistry   escapedName: 'nan',
149 silly mapToRegistry   name: 'nan',
149 silly mapToRegistry   rawSpec: '',
149 silly mapToRegistry   spec: 'latest',
149 silly mapToRegistry   type: 'tag' }
150 silly mapToRegistry uri https://registry.npmjs.org/nan
151 verbose addNameRange registry:https://registry.npmjs.org/nan not in flight; fetching
152 verbose get https://registry.npmjs.org/nan not expired, no request
153 silly addNameRange number 2 { name: 'nan', range: '>=1.8.4 <2.0.0', hasData: true }
154 silly addNameRange versions [ 'nan',
154 silly addNameRange   [ '0.3.0-wip',
154 silly addNameRange     '0.3.0-wip2',
154 silly addNameRange     '0.3.0',
154 silly addNameRange     '0.3.1',
154 silly addNameRange     '0.3.2',
154 silly addNameRange     '0.4.0',
154 silly addNameRange     '0.4.1',
154 silly addNameRange     '0.4.2',
154 silly addNameRange     '0.4.3',
154 silly addNameRange     '0.4.4',
154 silly addNameRange     '0.5.0',
154 silly addNameRange     '0.5.1',
154 silly addNameRange     '0.5.2',
154 silly addNameRange     '0.6.0',
154 silly addNameRange     '0.7.0',
154 silly addNameRange     '0.7.1',
154 silly addNameRange     '0.8.0',
154 silly addNameRange     '1.0.0',
154 silly addNameRange     '1.1.0',
154 silly addNameRange     '1.1.1',
154 silly addNameRange     '1.1.2',
154 silly addNameRange     '1.2.0',
154 silly addNameRange     '1.3.0',
154 silly addNameRange     '1.4.0',
154 silly addNameRange     '1.4.1',
154 silly addNameRange     '1.5.0',
154 silly addNameRange     '1.4.2',
154 silly addNameRange     '1.4.3',
154 silly addNameRange     '1.5.1',
154 silly addNameRange     '1.5.2',
154 silly addNameRange     '1.6.0',
154 silly addNameRange     '1.5.3',
154 silly addNameRange     '1.6.1',
154 silly addNameRange     '1.6.2',
154 silly addNameRange     '1.7.0',
154 silly addNameRange     '1.8.0',
154 silly addNameRange     '1.8.1',
154 silly addNameRange     '1.8.2',
154 silly addNameRange     '1.8.3',
154 silly addNameRange     '1.8.4',
154 silly addNameRange     '1.9.0',
154 silly addNameRange     '2.0.0',
154 silly addNameRange     '2.0.1',
154 silly addNameRange     '2.0.2',
154 silly addNameRange     '2.0.3',
154 silly addNameRange     '2.0.4',
154 silly addNameRange     '2.0.5',
154 silly addNameRange     '2.0.6',
154 silly addNameRange     '2.0.7',
154 silly addNameRange     '2.0.8',
154 silly addNameRange     '2.0.9',
154 silly addNameRange     '2.1.0',
154 silly addNameRange     '2.2.0',
154 silly addNameRange     '2.2.1',
154 silly addNameRange     '2.3.0',
154 silly addNameRange     '2.3.1',
154 silly addNameRange     '2.3.2',
154 silly addNameRange     '2.3.3',
154 silly addNameRange     '2.3.4',
154 silly addNameRange     '2.3.5',
154 silly addNameRange     '2.4.0',
154 silly addNameRange     '2.5.0' ] ]
155 silly addNamed nan@1.9.0
156 verbose addNamed "1.9.0" is a plain semver version for nan
157 silly mapToRegistry name nan
158 silly mapToRegistry using default registry
159 silly mapToRegistry registry https://registry.npmjs.org/
160 silly mapToRegistry data Result {
160 silly mapToRegistry   raw: 'nan',
160 silly mapToRegistry   scope: null,
160 silly mapToRegistry   escapedName: 'nan',
160 silly mapToRegistry   name: 'nan',
160 silly mapToRegistry   rawSpec: '',
160 silly mapToRegistry   spec: 'latest',
160 silly mapToRegistry   type: 'tag' }
161 silly mapToRegistry uri https://registry.npmjs.org/nan
162 verbose addRemoteTarball https://registry.npmjs.org/nan/-/nan-1.9.0.tgz not in flight; adding
163 verbose addRemoteTarball [ 'https://registry.npmjs.org/nan/-/nan-1.9.0.tgz',
163 verbose addRemoteTarball   '1a9cd2755609766f5c291e4194fce39fde286515' ]
164 info retry fetch attempt 1 at 2:19:55 AM
165 info attempt registry request try #1 at 2:19:55 AM
166 http fetch GET https://registry.npmjs.org/nan/-/nan-1.9.0.tgz
167 http fetch 200 https://registry.npmjs.org/nan/-/nan-1.9.0.tgz
168 silly fetchAndShaCheck shasum 1a9cd2755609766f5c291e4194fce39fde286515
169 verbose addTmpTarball /tmp/npm-1609-367c365f/registry.npmjs.org/nan/-/nan-1.9.0.tgz not in flight; adding
170 verbose addTmpTarball already have metadata; skipping unpack for nan@1.9.0
171 verbose correctMkdir /Users/apt/.npm correctMkdir not in flight; initializing
172 silly cache afterAdd nan@1.9.0
173 verbose afterAdd /Users/apt/.npm/nan/1.9.0/package/package.json not in flight; writing
174 verbose correctMkdir /Users/apt/.npm correctMkdir not in flight; initializing
175 verbose afterAdd /Users/apt/.npm/nan/1.9.0/package/package.json written
176 silly loadAllDepsIntoIdealTree Finishing
177 silly loadIdealTree Finishing
178 silly currentTree linux-vag
179 silly idealTree linux-vag
179 silly idealTree ├── bindings@1.2.1
179 silly idealTree ├── nan@1.9.0
179 silly idealTree └── ssh@1.8.0
180 silly generateActionsToTake Starting
181 silly install generateActionsToTake
182 silly generateActionsToTake Finishing
183 silly diffTrees action count 3
184 silly diffTrees add bindings@1.2.1
185 silly diffTrees add nan@1.9.0
186 silly diffTrees add ssh@1.8.0
187 silly decomposeActions action count 24
188 silly decomposeActions fetch bindings@1.2.1
189 silly decomposeActions extract bindings@1.2.1
190 silly decomposeActions test bindings@1.2.1
191 silly decomposeActions preinstall bindings@1.2.1
192 silly decomposeActions build bindings@1.2.1
193 silly decomposeActions install bindings@1.2.1
194 silly decomposeActions postinstall bindings@1.2.1
195 silly decomposeActions finalize bindings@1.2.1
196 silly decomposeActions fetch nan@1.9.0
197 silly decomposeActions extract nan@1.9.0
198 silly decomposeActions test nan@1.9.0
199 silly decomposeActions preinstall nan@1.9.0
200 silly decomposeActions build nan@1.9.0
201 silly decomposeActions install nan@1.9.0
202 silly decomposeActions postinstall nan@1.9.0
203 silly decomposeActions finalize nan@1.9.0
204 silly decomposeActions fetch ssh@1.8.0
205 silly decomposeActions extract ssh@1.8.0
206 silly decomposeActions test ssh@1.8.0
207 silly decomposeActions preinstall ssh@1.8.0
208 silly decomposeActions build ssh@1.8.0
209 silly decomposeActions install ssh@1.8.0
210 silly decomposeActions postinstall ssh@1.8.0
211 silly decomposeActions finalize ssh@1.8.0
212 silly runTopLevelLifecycles Starting
213 silly executeActions Starting
214 silly install executeActions
215 silly doSerial global-install 0
216 silly doParallel fetch 3
217 verbose correctMkdir /Users/apt/.npm/_locks correctMkdir not in flight; initializing
218 verbose lock using /Users/apt/.npm/_locks/staging-b84e9dcafd64c854.lock for /Users/apt/linux-vag/node_modules/.staging
219 silly doParallel extract 3
220 silly extract bindings@1.2.1
221 silly extract nan@1.9.0
222 silly extract ssh@1.8.0
223 verbose unbuild node_modules/.staging/bindings-505e8472
224 verbose unbuild node_modules/.staging/nan-e4fedb48
225 verbose unbuild node_modules/.staging/ssh-fa91ba51
226 silly gentlyRm /Users/apt/linux-vag/node_modules/.staging/bindings-505e8472 is being purged from base /Users/apt/linux-vag
227 verbose gentlyRm don't care about contents; nuking /Users/apt/linux-vag/node_modules/.staging/bindings-505e8472
228 silly gentlyRm /Users/apt/linux-vag/node_modules/.staging/nan-e4fedb48 is being purged from base /Users/apt/linux-vag
229 verbose gentlyRm don't care about contents; nuking /Users/apt/linux-vag/node_modules/.staging/nan-e4fedb48
230 verbose tar unpack /Users/apt/.npm/bindings/1.2.1/package.tgz
231 verbose tar unpacking to /Users/apt/linux-vag/node_modules/.staging/bindings-505e8472
232 silly gentlyRm /Users/apt/linux-vag/node_modules/.staging/bindings-505e8472 is being purged
233 verbose gentlyRm don't care about contents; nuking /Users/apt/linux-vag/node_modules/.staging/bindings-505e8472
234 verbose tar unpack /Users/apt/.npm/nan/1.9.0/package.tgz
235 verbose tar unpacking to /Users/apt/linux-vag/node_modules/.staging/nan-e4fedb48
236 silly gentlyRm /Users/apt/linux-vag/node_modules/.staging/nan-e4fedb48 is being purged
237 verbose gentlyRm don't care about contents; nuking /Users/apt/linux-vag/node_modules/.staging/nan-e4fedb48
238 silly gentlyRm /Users/apt/linux-vag/node_modules/.staging/ssh-fa91ba51 is being purged from base /Users/apt/linux-vag
239 verbose gentlyRm don't care about contents; nuking /Users/apt/linux-vag/node_modules/.staging/ssh-fa91ba51
240 silly gunzTarPerm modes [ '755', '644' ]
241 silly gunzTarPerm modes [ '755', '644' ]
242 verbose tar unpack /Users/apt/.npm/ssh/1.8.0/package.tgz
243 verbose tar unpacking to /Users/apt/linux-vag/node_modules/.staging/ssh-fa91ba51
244 silly gentlyRm /Users/apt/linux-vag/node_modules/.staging/ssh-fa91ba51 is being purged
245 verbose gentlyRm don't care about contents; nuking /Users/apt/linux-vag/node_modules/.staging/ssh-fa91ba51
246 silly gunzTarPerm modes [ '755', '644' ]
247 silly gunzTarPerm extractEntry package.json
248 silly gunzTarPerm extractEntry package.json
249 silly gunzTarPerm modified mode [ 'package.json', 436, 420 ]
250 silly gunzTarPerm extractEntry package.json
251 silly gunzTarPerm extractEntry README.md
252 silly gunzTarPerm extractEntry bindings.js
253 silly gunzTarPerm extractEntry README.md
254 silly gunzTarPerm modified mode [ 'README.md', 436, 420 ]
255 silly gunzTarPerm extractEntry include_dirs.js
256 silly gunzTarPerm modified mode [ 'include_dirs.js', 436, 420 ]
257 silly gunzTarPerm extractEntry .npmignore
258 silly gunzTarPerm extractEntry README.md
259 silly gunzTarPerm extractEntry LICENSE.md
260 silly gunzTarPerm modified mode [ 'LICENSE.md', 436, 420 ]
261 silly gunzTarPerm extractEntry .dntrc
262 silly gunzTarPerm modified mode [ '.dntrc', 436, 420 ]
263 silly gunzTarPerm extractEntry appveyor.yml
264 silly gunzTarPerm modified mode [ 'appveyor.yml', 436, 420 ]
265 silly gunzTarPerm extractEntry LICENSE
266 silly gunzTarPerm extractEntry index.js
267 silly gunzTarPerm extractEntry nan.h
268 silly gunzTarPerm modified mode [ 'nan.h', 436, 420 ]
269 silly gunzTarPerm extractEntry nan_implementation_12_inl.h
270 silly gunzTarPerm modified mode [ 'nan_implementation_12_inl.h', 436, 420 ]
271 silly gunzTarPerm extractEntry binding.gyp
272 silly gunzTarPerm extractEntry .jshintrc
273 silly gunzTarPerm extractEntry nan_implementation_pre_12_inl.h
274 silly gunzTarPerm modified mode [ 'nan_implementation_pre_12_inl.h', 436, 420 ]
275 silly gunzTarPerm extractEntry nan_new.h
276 silly gunzTarPerm modified mode [ 'nan_new.h', 436, 420 ]
277 silly gunzTarPerm extractEntry .travis.yml
278 silly gunzTarPerm extractEntry deps/include/config.h
279 silly gunzTarPerm extractEntry nan_string_bytes.h
280 silly gunzTarPerm modified mode [ 'nan_string_bytes.h', 436, 420 ]
281 silly gunzTarPerm extractEntry CHANGELOG.md
282 silly gunzTarPerm modified mode [ 'CHANGELOG.md', 436, 420 ]
283 silly gunzTarPerm extractEntry deps/include-osx/config.h
284 silly gunzTarPerm extractEntry deps/include-win/config.h
285 silly gunzTarPerm extractEntry tools/node_modules/commander/package.json
286 silly gunzTarPerm modified mode [ 'tools/node_modules/commander/package.json', 436, 420 ]
287 silly gunzTarPerm extractEntry tools/node_modules/commander/LICENSE
288 silly gunzTarPerm modified mode [ 'tools/node_modules/commander/LICENSE', 436, 420 ]
289 silly gentlyRm /Users/apt/linux-vag/node_modules/.staging/bindings-505e8472/node_modules is being purged
290 verbose gentlyRm don't care about contents; nuking /Users/apt/linux-vag/node_modules/.staging/bindings-505e8472/node_modules
291 silly gunzTarPerm extractEntry deps/libssh-0.6.4/README
292 silly gunzTarPerm extractEntry deps/libssh-0.6.4/SubmittingPatches
293 silly gunzTarPerm extractEntry tools/node_modules/commander/index.js
294 silly gunzTarPerm modified mode [ 'tools/node_modules/commander/index.js', 436, 420 ]
295 silly gunzTarPerm extractEntry tools/node_modules/commander/History.md
296 silly gunzTarPerm modified mode [ 'tools/node_modules/commander/History.md', 436, 420 ]
297 silly gunzTarPerm extractEntry deps/libssh-0.6.4/CMakeLists.txt
298 silly gunzTarPerm extractEntry deps/libssh-0.6.4/COPYING
299 silly gunzTarPerm extractEntry tools/node_modules/commander/Readme.md
300 silly gunzTarPerm modified mode [ 'tools/node_modules/commander/Readme.md', 436, 420 ]
301 silly gunzTarPerm extractEntry tools/node_modules/commander/node_modules/graceful-readlink/package.json
302 silly gunzTarPerm modified mode [ 'tools/node_modules/commander/node_modules/graceful-readlink/package.json',
302 silly gunzTarPerm   436,
302 silly gunzTarPerm   420 ]
303 silly gunzTarPerm extractEntry tools/node_modules/commander/node_modules/graceful-readlink/.npmignore
304 silly gunzTarPerm modified mode [ 'tools/node_modules/commander/node_modules/graceful-readlink/.npmignore',
304 silly gunzTarPerm   436,
304 silly gunzTarPerm   420 ]
305 silly gunzTarPerm extractEntry tools/node_modules/commander/node_modules/graceful-readlink/README.md
306 silly gunzTarPerm modified mode [ 'tools/node_modules/commander/node_modules/graceful-readlink/README.md',
306 silly gunzTarPerm   436,
306 silly gunzTarPerm   420 ]
307 silly gunzTarPerm extractEntry tools/node_modules/commander/node_modules/graceful-readlink/LICENSE
308 silly gunzTarPerm modified mode [ 'tools/node_modules/commander/node_modules/graceful-readlink/LICENSE',
308 silly gunzTarPerm   436,
308 silly gunzTarPerm   420 ]
309 silly gunzTarPerm extractEntry deps/libssh-0.6.4/CPackConfig.cmake
310 silly gunzTarPerm extractEntry deps/libssh-0.6.4/CTestConfig.cmake
311 silly gunzTarPerm extractEntry tools/node_modules/commander/node_modules/graceful-readlink/index.js
312 silly gunzTarPerm modified mode [ 'tools/node_modules/commander/node_modules/graceful-readlink/index.js',
312 silly gunzTarPerm   436,
312 silly gunzTarPerm   420 ]
313 silly gunzTarPerm extractEntry tools/node_modules/commander/node_modules/graceful-readlink/.travis.yml
314 silly gunzTarPerm modified mode [ 'tools/node_modules/commander/node_modules/graceful-readlink/.travis.yml',
314 silly gunzTarPerm   436,
314 silly gunzTarPerm   420 ]
315 silly gunzTarPerm extractEntry deps/libssh-0.6.4/ChangeLog
316 silly gunzTarPerm extractEntry deps/libssh-0.6.4/CodingStyle
317 silly gunzTarPerm extractEntry tools/node_modules/glob/package.json
318 silly gunzTarPerm modified mode [ 'tools/node_modules/glob/package.json', 436, 420 ]
319 silly gunzTarPerm extractEntry tools/node_modules/glob/README.md
320 silly gunzTarPerm modified mode [ 'tools/node_modules/glob/README.md', 436, 420 ]
321 silly gunzTarPerm extractEntry deps/libssh-0.6.4/ConfigureChecks.cmake
322 silly gunzTarPerm extractEntry deps/libssh-0.6.4/DefineOptions.cmake
323 silly gunzTarPerm extractEntry tools/node_modules/glob/LICENSE
324 silly gunzTarPerm modified mode [ 'tools/node_modules/glob/LICENSE', 436, 420 ]
325 silly gunzTarPerm extractEntry tools/node_modules/glob/common.js
326 silly gunzTarPerm modified mode [ 'tools/node_modules/glob/common.js', 436, 420 ]
327 silly gunzTarPerm extractEntry tools/node_modules/glob/glob.js
328 silly gunzTarPerm modified mode [ 'tools/node_modules/glob/glob.js', 436, 420 ]
329 silly gunzTarPerm extractEntry tools/node_modules/glob/sync.js
330 silly gunzTarPerm modified mode [ 'tools/node_modules/glob/sync.js', 436, 420 ]
331 silly gunzTarPerm extractEntry tools/node_modules/glob/node_modules/inflight/package.json
332 silly gunzTarPerm modified mode [ 'tools/node_modules/glob/node_modules/inflight/package.json',
332 silly gunzTarPerm   436,
332 silly gunzTarPerm   420 ]
333 silly gunzTarPerm extractEntry tools/node_modules/glob/node_modules/inflight/README.md
334 silly gunzTarPerm modified mode [ 'tools/node_modules/glob/node_modules/inflight/README.md',
334 silly gunzTarPerm   436,
334 silly gunzTarPerm   420 ]
335 silly gunzTarPerm extractEntry tools/node_modules/glob/node_modules/inflight/LICENSE
336 silly gunzTarPerm modified mode [ 'tools/node_modules/glob/node_modules/inflight/LICENSE',
336 silly gunzTarPerm   436,
336 silly gunzTarPerm   420 ]
337 silly gunzTarPerm extractEntry tools/node_modules/glob/node_modules/inflight/inflight.js
338 silly gunzTarPerm modified mode [ 'tools/node_modules/glob/node_modules/inflight/inflight.js',
338 silly gunzTarPerm   436,
338 silly gunzTarPerm   420 ]
339 silly gunzTarPerm extractEntry tools/node_modules/glob/node_modules/inflight/test.js
340 silly gunzTarPerm modified mode [ 'tools/node_modules/glob/node_modules/inflight/test.js',
340 silly gunzTarPerm   436,
340 silly gunzTarPerm   420 ]
341 silly gunzTarPerm extractEntry tools/node_modules/glob/node_modules/inflight/.eslintrc
342 silly gunzTarPerm modified mode [ 'tools/node_modules/glob/node_modules/inflight/.eslintrc',
342 silly gunzTarPerm   436,
342 silly gunzTarPerm   420 ]
343 silly gunzTarPerm extractEntry tools/node_modules/glob/node_modules/inflight/node_modules/wrappy/package.json
344 silly gunzTarPerm modified mode [ 'tools/node_modules/glob/node_modules/inflight/node_modules/wrappy/package.json',
344 silly gunzTarPerm   436,
344 silly gunzTarPerm   420 ]
345 silly gunzTarPerm extractEntry tools/node_modules/glob/node_modules/inflight/node_modules/wrappy/README.md
346 silly gunzTarPerm modified mode [ 'tools/node_modules/glob/node_modules/inflight/node_modules/wrappy/README.md',
346 silly gunzTarPerm   436,
346 silly gunzTarPerm   420 ]
347 silly gunzTarPerm extractEntry tools/node_modules/glob/node_modules/inflight/node_modules/wrappy/LICENSE
348 silly gunzTarPerm modified mode [ 'tools/node_modules/glob/node_modules/inflight/node_modules/wrappy/LICENSE',
348 silly gunzTarPerm   436,
348 silly gunzTarPerm   420 ]
349 silly gunzTarPerm extractEntry tools/node_modules/glob/node_modules/inflight/node_modules/wrappy/wrappy.js
350 silly gunzTarPerm modified mode [ 'tools/node_modules/glob/node_modules/inflight/node_modules/wrappy/wrappy.js',
350 silly gunzTarPerm   436,
350 silly gunzTarPerm   420 ]
351 silly gunzTarPerm extractEntry tools/node_modules/glob/node_modules/inflight/node_modules/wrappy/test/basic.js
352 silly gunzTarPerm modified mode [ 'tools/node_modules/glob/node_modules/inflight/node_modules/wrappy/test/basic.js',
352 silly gunzTarPerm   436,
352 silly gunzTarPerm   420 ]
353 silly gunzTarPerm extractEntry tools/node_modules/glob/node_modules/inherits/package.json
354 silly gunzTarPerm modified mode [ 'tools/node_modules/glob/node_modules/inherits/package.json',
354 silly gunzTarPerm   436,
354 silly gunzTarPerm   420 ]
355 silly gunzTarPerm extractEntry tools/node_modules/glob/node_modules/inherits/README.md
356 silly gunzTarPerm modified mode [ 'tools/node_modules/glob/node_modules/inherits/README.md',
356 silly gunzTarPerm   436,
356 silly gunzTarPerm   420 ]
357 silly gunzTarPerm extractEntry tools/node_modules/glob/node_modules/inherits/LICENSE
358 silly gunzTarPerm modified mode [ 'tools/node_modules/glob/node_modules/inherits/LICENSE',
358 silly gunzTarPerm   436,
358 silly gunzTarPerm   420 ]
359 silly gunzTarPerm extractEntry tools/node_modules/glob/node_modules/inherits/inherits.js
360 silly gunzTarPerm modified mode [ 'tools/node_modules/glob/node_modules/inherits/inherits.js',
360 silly gunzTarPerm   436,
360 silly gunzTarPerm   420 ]
361 silly gunzTarPerm extractEntry tools/node_modules/glob/node_modules/inherits/inherits_browser.js
362 silly gunzTarPerm modified mode [ 'tools/node_modules/glob/node_modules/inherits/inherits_browser.js',
362 silly gunzTarPerm   436,
362 silly gunzTarPerm   420 ]
363 silly gunzTarPerm extractEntry tools/node_modules/glob/node_modules/inherits/test.js
364 silly gunzTarPerm modified mode [ 'tools/node_modules/glob/node_modules/inherits/test.js',
364 silly gunzTarPerm   436,
364 silly gunzTarPerm   420 ]
365 silly gunzTarPerm extractEntry tools/node_modules/glob/node_modules/minimatch/package.json
366 silly gunzTarPerm modified mode [ 'tools/node_modules/glob/node_modules/minimatch/package.json',
366 silly gunzTarPerm   436,
366 silly gunzTarPerm   420 ]
367 silly gunzTarPerm extractEntry tools/node_modules/glob/node_modules/minimatch/README.md
368 silly gunzTarPerm modified mode [ 'tools/node_modules/glob/node_modules/minimatch/README.md',
368 silly gunzTarPerm   436,
368 silly gunzTarPerm   420 ]
369 silly gunzTarPerm extractEntry tools/node_modules/glob/node_modules/minimatch/LICENSE
370 silly gunzTarPerm modified mode [ 'tools/node_modules/glob/node_modules/minimatch/LICENSE',
370 silly gunzTarPerm   436,
370 silly gunzTarPerm   420 ]
371 silly gunzTarPerm extractEntry tools/node_modules/glob/node_modules/minimatch/browser.js
372 silly gunzTarPerm modified mode [ 'tools/node_modules/glob/node_modules/minimatch/browser.js',
372 silly gunzTarPerm   436,
372 silly gunzTarPerm   420 ]
373 silly gunzTarPerm extractEntry tools/node_modules/glob/node_modules/minimatch/minimatch.js
374 silly gunzTarPerm modified mode [ 'tools/node_modules/glob/node_modules/minimatch/minimatch.js',
374 silly gunzTarPerm   436,
374 silly gunzTarPerm   420 ]
375 silly gunzTarPerm extractEntry tools/node_modules/glob/node_modules/minimatch/node_modules/brace-expansion/package.json
376 silly gunzTarPerm modified mode [ 'tools/node_modules/glob/node_modules/minimatch/node_modules/brace-expansion/package.json',
376 silly gunzTarPerm   436,
376 silly gunzTarPerm   420 ]
377 silly gunzTarPerm extractEntry tools/node_modules/glob/node_modules/minimatch/node_modules/brace-expansion/.npmignore
378 silly gunzTarPerm modified mode [ 'tools/node_modules/glob/node_modules/minimatch/node_modules/brace-expansion/.npmignore',
378 silly gunzTarPerm   436,
378 silly gunzTarPerm   420 ]
379 silly gunzTarPerm extractEntry tools/node_modules/glob/node_modules/minimatch/node_modules/brace-expansion/README.md
380 silly gunzTarPerm modified mode [ 'tools/node_modules/glob/node_modules/minimatch/node_modules/brace-expansion/README.md',
380 silly gunzTarPerm   436,
380 silly gunzTarPerm   420 ]
381 silly gunzTarPerm extractEntry tools/node_modules/glob/node_modules/minimatch/node_modules/brace-expansion/example.js
382 silly gunzTarPerm modified mode [ 'tools/node_modules/glob/node_modules/minimatch/node_modules/brace-expansion/example.js',
382 silly gunzTarPerm   436,
382 silly gunzTarPerm   420 ]
383 silly gunzTarPerm extractEntry tools/node_modules/glob/node_modules/minimatch/node_modules/brace-expansion/index.js
384 silly gunzTarPerm modified mode [ 'tools/node_modules/glob/node_modules/minimatch/node_modules/brace-expansion/index.js',
384 silly gunzTarPerm   436,
384 silly gunzTarPerm   420 ]
385 silly gunzTarPerm extractEntry tools/node_modules/glob/node_modules/minimatch/node_modules/brace-expansion/.travis.yml
386 silly gunzTarPerm modified mode [ 'tools/node_modules/glob/node_modules/minimatch/node_modules/brace-expansion/.travis.yml',
386 silly gunzTarPerm   436,
386 silly gunzTarPerm   420 ]
387 silly gunzTarPerm extractEntry tools/node_modules/glob/node_modules/minimatch/node_modules/brace-expansion/test/bash-comparison.js
388 silly gunzTarPerm modified mode [ 'tools/node_modules/glob/node_modules/minimatch/node_modules/brace-expansion/test/bash-comparison.js',
388 silly gunzTarPerm   436,
388 silly gunzTarPerm   420 ]
389 silly gunzTarPerm extractEntry tools/node_modules/glob/node_modules/minimatch/node_modules/brace-expansion/test/same-type.js
390 silly gunzTarPerm modified mode [ 'tools/node_modules/glob/node_modules/minimatch/node_modules/brace-expansion/test/same-type.js',
390 silly gunzTarPerm   436,
390 silly gunzTarPerm   420 ]
391 silly gunzTarPerm extractEntry tools/node_modules/glob/node_modules/minimatch/node_modules/brace-expansion/test/dollar.js
392 silly gunzTarPerm modified mode [ 'tools/node_modules/glob/node_modules/minimatch/node_modules/brace-expansion/test/dollar.js',
392 silly gunzTarPerm   436,
392 silly gunzTarPerm   420 ]
393 silly gunzTarPerm extractEntry tools/node_modules/glob/node_modules/minimatch/node_modules/brace-expansion/test/empty-option.js
394 silly gunzTarPerm modified mode [ 'tools/node_modules/glob/node_modules/minimatch/node_modules/brace-expansion/test/empty-option.js',
394 silly gunzTarPerm   436,
394 silly gunzTarPerm   420 ]
395 silly gunzTarPerm extractEntry tools/node_modules/glob/node_modules/minimatch/node_modules/brace-expansion/test/pad.js
396 silly gunzTarPerm modified mode [ 'tools/node_modules/glob/node_modules/minimatch/node_modules/brace-expansion/test/pad.js',
396 silly gunzTarPerm   436,
396 silly gunzTarPerm   420 ]
397 silly gunzTarPerm extractEntry tools/node_modules/glob/node_modules/minimatch/node_modules/brace-expansion/test/order.js
398 silly gunzTarPerm modified mode [ 'tools/node_modules/glob/node_modules/minimatch/node_modules/brace-expansion/test/order.js',
398 silly gunzTarPerm   436,
398 silly gunzTarPerm   420 ]
399 silly gunzTarPerm extractEntry tools/node_modules/glob/node_modules/minimatch/node_modules/brace-expansion/test/nested.js
400 silly gunzTarPerm modified mode [ 'tools/node_modules/glob/node_modules/minimatch/node_modules/brace-expansion/test/nested.js',
400 silly gunzTarPerm   436,
400 silly gunzTarPerm   420 ]
401 silly gunzTarPerm extractEntry tools/node_modules/glob/node_modules/minimatch/node_modules/brace-expansion/test/sequence.js
402 silly gunzTarPerm modified mode [ 'tools/node_modules/glob/node_modules/minimatch/node_modules/brace-expansion/test/sequence.js',
402 silly gunzTarPerm   436,
402 silly gunzTarPerm   420 ]
403 silly gunzTarPerm extractEntry tools/node_modules/glob/node_modules/minimatch/node_modules/brace-expansion/test/negative-increment.js
404 silly gunzTarPerm modified mode [ 'tools/node_modules/glob/node_modules/minimatch/node_modules/brace-expansion/test/negative-increment.js',
404 silly gunzTarPerm   436,
404 silly gunzTarPerm   420 ]
405 silly gunzTarPerm extractEntry tools/node_modules/glob/node_modules/minimatch/node_modules/brace-expansion/test/bash-results.txt
406 silly gunzTarPerm modified mode [ 'tools/node_modules/glob/node_modules/minimatch/node_modules/brace-expansion/test/bash-results.txt',
406 silly gunzTarPerm   436,
406 silly gunzTarPerm   420 ]
407 silly gunzTarPerm extractEntry tools/node_modules/glob/node_modules/minimatch/node_modules/brace-expansion/test/generate.sh
408 silly gunzTarPerm modified mode [ 'tools/node_modules/glob/node_modules/minimatch/node_modules/brace-expansion/test/generate.sh',
408 silly gunzTarPerm   436,
408 silly gunzTarPerm   420 ]
409 silly gunzTarPerm extractEntry tools/node_modules/glob/node_modules/minimatch/node_modules/brace-expansion/test/cases.txt
410 silly gunzTarPerm modified mode [ 'tools/node_modules/glob/node_modules/minimatch/node_modules/brace-expansion/test/cases.txt',
410 silly gunzTarPerm   436,
410 silly gunzTarPerm   420 ]
411 silly gunzTarPerm extractEntry tools/node_modules/glob/node_modules/minimatch/node_modules/brace-expansion/node_modules/balanced-match/package.json
412 silly gunzTarPerm modified mode [ 'tools/node_modules/glob/node_modules/minimatch/node_modules/brace-expansion/node_modules/balanced-match/package.json',
412 silly gunzTarPerm   436,
412 silly gunzTarPerm   420 ]
413 silly gunzTarPerm extractEntry tools/node_modules/glob/node_modules/minimatch/node_modules/brace-expansion/node_modules/balanced-match/.npmignore
414 silly gunzTarPerm modified mode [ 'tools/node_modules/glob/node_modules/minimatch/node_modules/brace-expansion/node_modules/balanced-match/.npmignore',
414 silly gunzTarPerm   436,
414 silly gunzTarPerm   420 ]
415 silly gunzTarPerm extractEntry tools/node_modules/glob/node_modules/minimatch/node_modules/brace-expansion/node_modules/balanced-match/README.md
416 silly gunzTarPerm modified mode [ 'tools/node_modules/glob/node_modules/minimatch/node_modules/brace-expansion/node_modules/balanced-match/README.md',
416 silly gunzTarPerm   436,
416 silly gunzTarPerm   420 ]
417 silly gunzTarPerm extractEntry tools/node_modules/glob/node_modules/minimatch/node_modules/brace-expansion/node_modules/balanced-match/example.js
418 silly gunzTarPerm modified mode [ 'tools/node_modules/glob/node_modules/minimatch/node_modules/brace-expansion/node_modules/balanced-match/example.js',
418 silly gunzTarPerm   436,
418 silly gunzTarPerm   420 ]
419 silly gunzTarPerm extractEntry tools/node_modules/glob/node_modules/minimatch/node_modules/brace-expansion/node_modules/balanced-match/index.js
420 silly gunzTarPerm modified mode [ 'tools/node_modules/glob/node_modules/minimatch/node_modules/brace-expansion/node_modules/balanced-match/index.js',
420 silly gunzTarPerm   436,
420 silly gunzTarPerm   420 ]
421 silly gunzTarPerm extractEntry tools/node_modules/glob/node_modules/minimatch/node_modules/brace-expansion/node_modules/balanced-match/.travis.yml
422 silly gunzTarPerm modified mode [ 'tools/node_modules/glob/node_modules/minimatch/node_modules/brace-expansion/node_modules/balanced-match/.travis.yml',
422 silly gunzTarPerm   436,
422 silly gunzTarPerm   420 ]
423 silly gunzTarPerm extractEntry tools/node_modules/glob/node_modules/minimatch/node_modules/brace-expansion/node_modules/balanced-match/Makefile
424 silly gunzTarPerm modified mode [ 'tools/node_modules/glob/node_modules/minimatch/node_modules/brace-expansion/node_modules/balanced-match/Makefile',
424 silly gunzTarPerm   436,
424 silly gunzTarPerm   420 ]
425 silly gunzTarPerm extractEntry tools/node_modules/glob/node_modules/minimatch/node_modules/brace-expansion/node_modules/balanced-match/test/balanced.js
426 silly gunzTarPerm modified mode [ 'tools/node_modules/glob/node_modules/minimatch/node_modules/brace-expansion/node_modules/balanced-match/test/balanced.js',
426 silly gunzTarPerm   436,
426 silly gunzTarPerm   420 ]
427 silly gunzTarPerm extractEntry tools/node_modules/glob/node_modules/minimatch/node_modules/brace-expansion/node_modules/concat-map/package.json
428 silly gunzTarPerm modified mode [ 'tools/node_modules/glob/node_modules/minimatch/node_modules/brace-expansion/node_modules/concat-map/package.json',
428 silly gunzTarPerm   436,
428 silly gunzTarPerm   420 ]
429 silly gunzTarPerm extractEntry tools/node_modules/glob/node_modules/minimatch/node_modules/brace-expansion/node_modules/concat-map/LICENSE
430 silly gunzTarPerm modified mode [ 'tools/node_modules/glob/node_modules/minimatch/node_modules/brace-expansion/node_modules/concat-map/LICENSE',
430 silly gunzTarPerm   436,
430 silly gunzTarPerm   420 ]
431 silly gunzTarPerm extractEntry tools/node_modules/glob/node_modules/minimatch/node_modules/brace-expansion/node_modules/concat-map/index.js
432 silly gunzTarPerm modified mode [ 'tools/node_modules/glob/node_modules/minimatch/node_modules/brace-expansion/node_modules/concat-map/index.js',
432 silly gunzTarPerm   436,
432 silly gunzTarPerm   420 ]
433 silly gunzTarPerm extractEntry tools/node_modules/glob/node_modules/minimatch/node_modules/brace-expansion/node_modules/concat-map/.travis.yml
434 silly gunzTarPerm modified mode [ 'tools/node_modules/glob/node_modules/minimatch/node_modules/brace-expansion/node_modules/concat-map/.travis.yml',
434 silly gunzTarPerm   436,
434 silly gunzTarPerm   420 ]
435 silly gunzTarPerm extractEntry tools/node_modules/glob/node_modules/minimatch/node_modules/brace-expansion/node_modules/concat-map/README.markdown
436 silly gunzTarPerm modified mode [ 'tools/node_modules/glob/node_modules/minimatch/node_modules/brace-expansion/node_modules/concat-map/README.markdown',
436 silly gunzTarPerm   436,
436 silly gunzTarPerm   420 ]
437 silly gunzTarPerm extractEntry tools/node_modules/glob/node_modules/minimatch/node_modules/brace-expansion/node_modules/concat-map/example/map.js
438 silly gunzTarPerm modified mode [ 'tools/node_modules/glob/node_modules/minimatch/node_modules/brace-expansion/node_modules/concat-map/example/map.js',
438 silly gunzTarPerm   436,
438 silly gunzTarPerm   420 ]
439 silly gunzTarPerm extractEntry tools/node_modules/glob/node_modules/minimatch/node_modules/brace-expansion/node_modules/concat-map/test/map.js
440 silly gunzTarPerm modified mode [ 'tools/node_modules/glob/node_modules/minimatch/node_modules/brace-expansion/node_modules/concat-map/test/map.js',
440 silly gunzTarPerm   436,
440 silly gunzTarPerm   420 ]
441 silly gunzTarPerm extractEntry tools/node_modules/glob/node_modules/once/package.json
442 silly gunzTarPerm modified mode [ 'tools/node_modules/glob/node_modules/once/package.json',
442 silly gunzTarPerm   436,
442 silly gunzTarPerm   420 ]
443 silly gunzTarPerm extractEntry tools/node_modules/glob/node_modules/once/README.md
444 silly gunzTarPerm modified mode [ 'tools/node_modules/glob/node_modules/once/README.md',
444 silly gunzTarPerm   436,
444 silly gunzTarPerm   420 ]
445 silly gunzTarPerm extractEntry tools/node_modules/glob/node_modules/once/LICENSE
446 silly gunzTarPerm modified mode [ 'tools/node_modules/glob/node_modules/once/LICENSE', 436, 420 ]
447 silly gunzTarPerm extractEntry tools/node_modules/glob/node_modules/once/once.js
448 silly gunzTarPerm modified mode [ 'tools/node_modules/glob/node_modules/once/once.js', 436, 420 ]
449 silly gunzTarPerm extractEntry tools/node_modules/glob/node_modules/once/test/once.js
450 silly gunzTarPerm modified mode [ 'tools/node_modules/glob/node_modules/once/test/once.js',
450 silly gunzTarPerm   436,
450 silly gunzTarPerm   420 ]
451 silly gunzTarPerm extractEntry tools/node_modules/glob/node_modules/once/node_modules/wrappy/package.json
452 silly gunzTarPerm modified mode [ 'tools/node_modules/glob/node_modules/once/node_modules/wrappy/package.json',
452 silly gunzTarPerm   436,
452 silly gunzTarPerm   420 ]
453 silly gunzTarPerm extractEntry tools/node_modules/glob/node_modules/once/node_modules/wrappy/README.md
454 silly gunzTarPerm modified mode [ 'tools/node_modules/glob/node_modules/once/node_modules/wrappy/README.md',
454 silly gunzTarPerm   436,
454 silly gunzTarPerm   420 ]
455 silly gunzTarPerm extractEntry tools/node_modules/glob/node_modules/once/node_modules/wrappy/LICENSE
456 silly gunzTarPerm modified mode [ 'tools/node_modules/glob/node_modules/once/node_modules/wrappy/LICENSE',
456 silly gunzTarPerm   436,
456 silly gunzTarPerm   420 ]
457 silly gunzTarPerm extractEntry tools/node_modules/glob/node_modules/once/node_modules/wrappy/wrappy.js
458 silly gunzTarPerm modified mode [ 'tools/node_modules/glob/node_modules/once/node_modules/wrappy/wrappy.js',
458 silly gunzTarPerm   436,
458 silly gunzTarPerm   420 ]
459 silly gunzTarPerm extractEntry tools/node_modules/glob/node_modules/once/node_modules/wrappy/test/basic.js
460 silly gunzTarPerm modified mode [ 'tools/node_modules/glob/node_modules/once/node_modules/wrappy/test/basic.js',
460 silly gunzTarPerm   436,
460 silly gunzTarPerm   420 ]
461 silly gunzTarPerm extractEntry tools/node_modules/glob/node_modules/path-is-absolute/package.json
462 silly gunzTarPerm modified mode [ 'tools/node_modules/glob/node_modules/path-is-absolute/package.json',
462 silly gunzTarPerm   436,
462 silly gunzTarPerm   420 ]
463 silly gunzTarPerm extractEntry tools/node_modules/glob/node_modules/path-is-absolute/index.js
464 silly gunzTarPerm modified mode [ 'tools/node_modules/glob/node_modules/path-is-absolute/index.js',
464 silly gunzTarPerm   436,
464 silly gunzTarPerm   420 ]
465 silly gunzTarPerm extractEntry tools/node_modules/glob/node_modules/path-is-absolute/license
466 silly gunzTarPerm modified mode [ 'tools/node_modules/glob/node_modules/path-is-absolute/license',
466 silly gunzTarPerm   436,
466 silly gunzTarPerm   420 ]
467 silly gunzTarPerm extractEntry tools/node_modules/glob/node_modules/path-is-absolute/readme.md
468 silly gunzTarPerm modified mode [ 'tools/node_modules/glob/node_modules/path-is-absolute/readme.md',
468 silly gunzTarPerm   436,
468 silly gunzTarPerm   420 ]
469 silly gunzTarPerm extractEntry deps/libssh-0.6.4/INSTALL
470 silly gunzTarPerm extractEntry deps/libssh-0.6.4/AUTHORS
471 silly gunzTarPerm extractEntry deps/libssh-0.6.4/BSD
472 silly gunzTarPerm extractEntry deps/libssh-0.6.4/cmake/Modules/FindCMocka.cmake
473 silly gunzTarPerm extractEntry deps/libssh-0.6.4/cmake/Modules/AddCMockaTest.cmake
474 silly gunzTarPerm extractEntry deps/libssh-0.6.4/cmake/Modules/CheckCCompilerFlagSSP.cmake
475 silly gunzTarPerm extractEntry deps/libssh-0.6.4/cmake/Modules/DefineCMakeDefaults.cmake
476 silly gunzTarPerm extractEntry deps/libssh-0.6.4/cmake/Modules/DefineCompilerFlags.cmake
477 silly gunzTarPerm extractEntry deps/libssh-0.6.4/cmake/Modules/DefineInstallationPaths.cmake
478 silly gunzTarPerm extractEntry deps/libssh-0.6.4/cmake/Modules/DefinePlatformDefaults.cmake
479 silly gunzTarPerm extractEntry deps/libssh-0.6.4/cmake/Modules/FindArgp.cmake
480 silly gunzTarPerm extractEntry deps/libssh-0.6.4/cmake/Modules/COPYING-CMAKE-SCRIPTS
481 silly gunzTarPerm extractEntry deps/libssh-0.6.4/cmake/Modules/FindGCrypt.cmake
482 silly gunzTarPerm extractEntry deps/libssh-0.6.4/cmake/Modules/FindGSSAPI.cmake
483 silly gunzTarPerm extractEntry deps/libssh-0.6.4/cmake/Modules/FindNSIS.cmake
484 silly gunzTarPerm extractEntry deps/libssh-0.6.4/cmake/Modules/FindNaCl.cmake
485 silly gunzTarPerm extractEntry deps/libssh-0.6.4/cmake/Modules/FindOpenSSL.cmake
486 silly gunzTarPerm extractEntry deps/libssh-0.6.4/cmake/Modules/FindZLIB.cmake
487 silly gunzTarPerm extractEntry deps/libssh-0.6.4/cmake/Modules/MacroEnsureOutOfSourceBuild.cmake
488 silly gunzTarPerm extractEntry deps/libssh-0.6.4/cmake/Modules/UseDoxygen.cmake
489 silly gunzTarPerm extractEntry deps/libssh-0.6.4/config.h.cmake
490 silly gunzTarPerm extractEntry deps/libssh-0.6.4/doc/introduction.dox
491 silly gunzTarPerm extractEntry deps/libssh-0.6.4/doc/CMakeLists.txt
492 silly gunzTarPerm extractEntry deps/libssh-0.6.4/doc/authentication.dox
493 silly gunzTarPerm extractEntry deps/libssh-0.6.4/doc/command.dox
494 silly gunzTarPerm extractEntry deps/libssh-0.6.4/doc/curve25519-sha256@libssh.org.txt
495 silly gunzTarPerm extractEntry deps/libssh-0.6.4/doc/forwarding.dox
496 silly gunzTarPerm extractEntry deps/libssh-0.6.4/doc/guided_tour.dox
497 silly gunzTarPerm extractEntry deps/libssh-0.6.4/doc/Doxyfile.in
498 silly gunzTarPerm extractEntry deps/libssh-0.6.4/doc/linking.dox
499 silly gunzTarPerm extractEntry deps/libssh-0.6.4/doc/mainpage.dox
500 silly gunzTarPerm extractEntry deps/libssh-0.6.4/doc/scp.dox
501 silly gunzTarPerm extractEntry deps/libssh-0.6.4/doc/sftp.dox
502 silly gunzTarPerm extractEntry deps/libssh-0.6.4/doc/shell.dox
503 silly gunzTarPerm extractEntry deps/libssh-0.6.4/doc/tbd.dox
504 silly gunzTarPerm extractEntry deps/libssh-0.6.4/doc/threading.dox
505 silly gunzTarPerm extractEntry deps/libssh-0.6.4/examples/proxy.c
506 silly gunzTarPerm extractEntry deps/libssh-0.6.4/examples/CMakeLists.txt
507 silly gunzTarPerm extractEntry deps/libssh-0.6.4/examples/connect_ssh.c
508 silly gunzTarPerm extractEntry deps/libssh-0.6.4/examples/examples_common.h
509 silly gunzTarPerm extractEntry deps/libssh-0.6.4/examples/exec.c
510 silly gunzTarPerm extractEntry deps/libssh-0.6.4/examples/knownhosts.c
511 silly gunzTarPerm extractEntry deps/libssh-0.6.4/examples/libssh_scp.c
512 silly gunzTarPerm extractEntry deps/libssh-0.6.4/examples/libsshpp.cpp
513 silly gunzTarPerm extractEntry deps/libssh-0.6.4/examples/libsshpp_noexcept.cpp
514 silly gunzTarPerm extractEntry deps/libssh-0.6.4/examples/authentication.c
515 silly gunzTarPerm extractEntry deps/libssh-0.6.4/examples/sample.c
516 silly gunzTarPerm extractEntry deps/libssh-0.6.4/examples/samplesftp.c
517 silly gunzTarPerm extractEntry deps/libssh-0.6.4/examples/samplesshd-cb.c
518 silly gunzTarPerm extractEntry deps/libssh-0.6.4/examples/samplesshd-kbdint.c
519 silly gunzTarPerm extractEntry deps/libssh-0.6.4/examples/samplesshd-tty.c
520 silly gunzTarPerm extractEntry deps/libssh-0.6.4/examples/samplesshd.c
521 silly gunzTarPerm extractEntry deps/libssh-0.6.4/examples/scp_download.c
522 silly gunzTarPerm extractEntry deps/libssh-0.6.4/examples/senddata.c
523 silly gunzTarPerm extractEntry deps/libssh-0.6.4/examples/sshnetcat.c
524 silly gunzTarPerm extractEntry deps/libssh-0.6.4/include/CMakeLists.txt
525 silly gunzTarPerm extractEntry deps/libssh-0.6.4/include/libssh/libsshpp.hpp
526 silly gunzTarPerm extractEntry deps/libssh-0.6.4/include/libssh/CMakeLists.txt
527 silly gunzTarPerm extractEntry deps/libssh-0.6.4/include/libssh/auth.h
528 silly gunzTarPerm extractEntry deps/libssh-0.6.4/include/libssh/bind.h
529 silly gunzTarPerm extractEntry deps/libssh-0.6.4/include/libssh/buffer.h
530 silly gunzTarPerm extractEntry deps/libssh-0.6.4/include/libssh/callbacks.h
531 silly gunzTarPerm extractEntry deps/libssh-0.6.4/include/libssh/channels.h
532 silly gunzTarPerm extractEntry deps/libssh-0.6.4/include/libssh/crc32.h
533 silly gunzTarPerm extractEntry deps/libssh-0.6.4/include/libssh/crypto.h
534 silly gunzTarPerm extractEntry deps/libssh-0.6.4/include/libssh/curve25519.h
535 silly gunzTarPerm extractEntry deps/libssh-0.6.4/include/libssh/dh.h
536 silly gunzTarPerm extractEntry deps/libssh-0.6.4/include/libssh/ecdh.h
537 silly gunzTarPerm extractEntry deps/libssh-0.6.4/include/libssh/gssapi.h
538 silly gunzTarPerm extractEntry deps/libssh-0.6.4/include/libssh/kex.h
539 silly gunzTarPerm extractEntry deps/libssh-0.6.4/include/libssh/keys.h
540 silly gunzTarPerm extractEntry deps/libssh-0.6.4/include/libssh/knownhosts.h
541 silly gunzTarPerm extractEntry deps/libssh-0.6.4/include/libssh/legacy.h
542 silly gunzTarPerm extractEntry deps/libssh-0.6.4/include/libssh/libcrypto.h
543 silly gunzTarPerm extractEntry deps/libssh-0.6.4/include/libssh/libgcrypt.h
544 silly gunzTarPerm extractEntry deps/libssh-0.6.4/include/libssh/libssh.h
545 silly gunzTarPerm extractEntry deps/libssh-0.6.4/include/libssh/agent.h
546 silly gunzTarPerm extractEntry deps/libssh-0.6.4/include/libssh/messages.h
547 silly gunzTarPerm extractEntry deps/libssh-0.6.4/include/libssh/misc.h
548 silly gunzTarPerm extractEntry deps/libssh-0.6.4/include/libssh/options.h
549 silly gunzTarPerm extractEntry deps/libssh-0.6.4/include/libssh/packet.h
550 silly gunzTarPerm extractEntry deps/libssh-0.6.4/include/libssh/pcap.h
551 silly gunzTarPerm extractEntry deps/libssh-0.6.4/include/libssh/pki.h
552 silly gunzTarPerm extractEntry deps/libssh-0.6.4/include/libssh/pki_priv.h
553 silly gunzTarPerm extractEntry deps/libssh-0.6.4/include/libssh/poll.h
554 silly gunzTarPerm extractEntry deps/libssh-0.6.4/include/libssh/priv.h
555 silly gunzTarPerm extractEntry deps/libssh-0.6.4/include/libssh/scp.h
556 silly gunzTarPerm extractEntry deps/libssh-0.6.4/include/libssh/server.h
557 silly gunzTarPerm extractEntry deps/libssh-0.6.4/include/libssh/session.h
558 silly gunzTarPerm extractEntry deps/libssh-0.6.4/include/libssh/sftp.h
559 silly gunzTarPerm extractEntry deps/libssh-0.6.4/include/libssh/socket.h
560 silly gunzTarPerm extractEntry deps/libssh-0.6.4/include/libssh/ssh1.h
561 silly gunzTarPerm extractEntry deps/libssh-0.6.4/include/libssh/ssh2.h
562 silly gunzTarPerm extractEntry deps/libssh-0.6.4/include/libssh/string.h
563 silly gunzTarPerm extractEntry deps/libssh-0.6.4/include/libssh/threads.h
564 silly gunzTarPerm extractEntry deps/libssh-0.6.4/include/libssh/wrapper.h
565 silly gunzTarPerm extractEntry deps/libssh-0.6.4/libssh-build-tree-settings.cmake.in
566 silly gunzTarPerm extractEntry deps/libssh-0.6.4/libssh-config-version.cmake.in
567 silly gunzTarPerm extractEntry deps/libssh-0.6.4/libssh-config.cmake.in
568 silly gunzTarPerm extractEntry deps/libssh-0.6.4/libssh.pc.cmake
569 silly gunzTarPerm extractEntry deps/libssh-0.6.4/libssh_threads.pc.cmake
570 silly gunzTarPerm extractEntry deps/libssh-0.6.4/src/legacy.c
571 silly gunzTarPerm extractEntry deps/libssh-0.6.4/src/CMakeLists.txt
572 silly gunzTarPerm extractEntry deps/libssh-0.6.4/src/auth.c
573 silly gunzTarPerm extractEntry deps/libssh-0.6.4/src/auth1.c
574 silly gunzTarPerm extractEntry deps/libssh-0.6.4/src/base64.c
575 silly gunzTarPerm extractEntry deps/libssh-0.6.4/src/bind.c
576 silly gunzTarPerm extractEntry deps/libssh-0.6.4/src/buffer.c
577 silly gunzTarPerm extractEntry deps/libssh-0.6.4/src/callbacks.c
578 silly gunzTarPerm extractEntry deps/libssh-0.6.4/src/channels.c
579 silly gunzTarPerm extractEntry deps/libssh-0.6.4/src/channels1.c
580 silly gunzTarPerm extractEntry deps/libssh-0.6.4/src/client.c
581 silly gunzTarPerm extractEntry deps/libssh-0.6.4/src/config.c
582 silly gunzTarPerm extractEntry deps/libssh-0.6.4/src/connect.c
583 silly gunzTarPerm extractEntry deps/libssh-0.6.4/src/crc32.c
584 silly gunzTarPerm extractEntry deps/libssh-0.6.4/src/curve25519.c
585 silly gunzTarPerm extractEntry deps/libssh-0.6.4/src/curve25519_ref.c
586 silly gunzTarPerm extractEntry deps/libssh-0.6.4/src/dh.c
587 silly gunzTarPerm extractEntry deps/libssh-0.6.4/src/ecdh.c
588 silly gunzTarPerm extractEntry deps/libssh-0.6.4/src/error.c
589 silly gunzTarPerm extractEntry deps/libssh-0.6.4/src/gcrypt_missing.c
590 silly gunzTarPerm extractEntry deps/libssh-0.6.4/src/getpass.c
591 silly gunzTarPerm extractEntry deps/libssh-0.6.4/src/gssapi.c
592 silly gunzTarPerm extractEntry deps/libssh-0.6.4/src/gzip.c
593 silly gunzTarPerm extractEntry deps/libssh-0.6.4/src/init.c
594 silly gunzTarPerm extractEntry deps/libssh-0.6.4/src/kex.c
595 silly gunzTarPerm extractEntry deps/libssh-0.6.4/src/kex1.c
596 silly gunzTarPerm extractEntry deps/libssh-0.6.4/src/known_hosts.c
597 silly gunzTarPerm extractEntry deps/libssh-0.6.4/src/agent.c
598 silly gunzTarPerm extractEntry deps/libssh-0.6.4/src/libcrypto.c
599 silly gunzTarPerm extractEntry deps/libssh-0.6.4/src/libgcrypt.c
600 silly gunzTarPerm extractEntry deps/libssh-0.6.4/src/log.c
601 silly gunzTarPerm extractEntry deps/libssh-0.6.4/src/match.c
602 silly gunzTarPerm extractEntry deps/libssh-0.6.4/src/messages.c
603 silly gunzTarPerm extractEntry deps/libssh-0.6.4/src/misc.c
604 silly gunzTarPerm extractEntry deps/libssh-0.6.4/src/options.c
605 silly gunzTarPerm extractEntry deps/libssh-0.6.4/src/packet.c
606 silly gunzTarPerm extractEntry deps/libssh-0.6.4/src/packet1.c
607 silly gunzTarPerm extractEntry deps/libssh-0.6.4/src/packet_cb.c
608 silly gunzTarPerm extractEntry deps/libssh-0.6.4/src/packet_crypt.c
609 silly gunzTarPerm extractEntry deps/libssh-0.6.4/src/pcap.c
610 silly gunzTarPerm extractEntry deps/libssh-0.6.4/src/pki.c
611 silly gunzTarPerm extractEntry deps/libssh-0.6.4/src/pki_crypto.c
612 silly gunzTarPerm extractEntry deps/libssh-0.6.4/src/pki_gcrypt.c
613 silly gunzTarPerm extractEntry deps/libssh-0.6.4/src/poll.c
614 silly gunzTarPerm extractEntry deps/libssh-0.6.4/src/scp.c
615 silly gunzTarPerm extractEntry deps/libssh-0.6.4/src/server.c
616 silly gunzTarPerm extractEntry deps/libssh-0.6.4/src/session.c
617 silly gunzTarPerm extractEntry deps/libssh-0.6.4/src/sftp.c
618 silly gunzTarPerm extractEntry deps/libssh-0.6.4/src/sftpserver.c
619 silly gunzTarPerm extractEntry deps/libssh-0.6.4/src/socket.c
620 silly gunzTarPerm extractEntry deps/libssh-0.6.4/src/string.c
621 silly gunzTarPerm extractEntry deps/libssh-0.6.4/src/threads/CMakeLists.txt
622 silly gunzTarPerm extractEntry deps/libssh-0.6.4/src/threads/pthread.c
623 silly gunzTarPerm extractEntry deps/libssh-0.6.4/src/threads.c
624 silly gunzTarPerm extractEntry deps/libssh-0.6.4/src/wrapper.c
625 silly gunzTarPerm extractEntry deps/libssh-0.6.4/tests/test_exec.c
626 silly gunzTarPerm extractEntry deps/libssh-0.6.4/tests/CMakeLists.txt
627 silly gunzTarPerm extractEntry deps/libssh-0.6.4/tests/benchmarks/CMakeLists.txt
628 silly gunzTarPerm extractEntry deps/libssh-0.6.4/tests/benchmarks/bench1.sh
629 silly gunzTarPerm extractEntry deps/libssh-0.6.4/tests/benchmarks/bench2.sh
630 silly gunzTarPerm extractEntry deps/libssh-0.6.4/tests/benchmarks/bench_raw.c
631 silly gunzTarPerm extractEntry deps/libssh-0.6.4/tests/benchmarks/bench_scp.c
632 silly gunzTarPerm extractEntry deps/libssh-0.6.4/tests/benchmarks/bench_sftp.c
633 silly gunzTarPerm extractEntry deps/libssh-0.6.4/tests/benchmarks/benchmarks.c
634 silly gunzTarPerm extractEntry deps/libssh-0.6.4/tests/benchmarks/benchmarks.h
635 silly gunzTarPerm extractEntry deps/libssh-0.6.4/tests/benchmarks/latency.c
636 silly gunzTarPerm extractEntry deps/libssh-0.6.4/tests/chmodtest.c
637 silly gunzTarPerm extractEntry deps/libssh-0.6.4/tests/client/torture_proxycommand.c
638 silly gunzTarPerm extractEntry deps/libssh-0.6.4/tests/client/CMakeLists.txt
639 silly gunzTarPerm extractEntry deps/libssh-0.6.4/tests/client/torture_auth.c
640 silly gunzTarPerm extractEntry deps/libssh-0.6.4/tests/client/torture_connect.c
641 silly gunzTarPerm extractEntry deps/libssh-0.6.4/tests/client/torture_forward.c
642 silly gunzTarPerm extractEntry deps/libssh-0.6.4/tests/client/torture_knownhosts.c
643 silly gunzTarPerm extractEntry deps/libssh-0.6.4/tests/client/torture_algorithms.c
644 silly gunzTarPerm extractEntry deps/libssh-0.6.4/tests/client/torture_request_env.c
645 silly gunzTarPerm extractEntry deps/libssh-0.6.4/tests/client/torture_session.c
646 silly gunzTarPerm extractEntry deps/libssh-0.6.4/tests/client/torture_sftp_dir.c
647 silly gunzTarPerm extractEntry deps/libssh-0.6.4/tests/client/torture_sftp_read.c
648 silly gunzTarPerm extractEntry deps/libssh-0.6.4/tests/client/torture_sftp_static.c
649 silly gunzTarPerm extractEntry deps/libssh-0.6.4/tests/cmdline.c
650 silly gunzTarPerm extractEntry deps/libssh-0.6.4/tests/connection.c
651 silly gunzTarPerm extractEntry deps/libssh-0.6.4/tests/ctest-default.cmake
652 silly gunzTarPerm extractEntry deps/libssh-0.6.4/tests/generate.py
653 silly gunzTarPerm extractEntry deps/libssh-0.6.4/tests/sftp_stress/main.c
654 silly gunzTarPerm extractEntry deps/libssh-0.6.4/tests/authentication.c
655 silly gunzTarPerm extractEntry deps/libssh-0.6.4/tests/test_pcap.c
656 silly gunzTarPerm extractEntry deps/libssh-0.6.4/tests/test_socket.c
657 silly gunzTarPerm extractEntry deps/libssh-0.6.4/tests/test_ssh_bind_accept_fd.c
658 silly gunzTarPerm extractEntry deps/libssh-0.6.4/tests/test_tunnel.c
659 silly gunzTarPerm extractEntry deps/libssh-0.6.4/tests/tests.h
660 silly gunzTarPerm extractEntry deps/libssh-0.6.4/tests/torture.c
661 silly gunzTarPerm extractEntry deps/libssh-0.6.4/tests/torture.h
662 silly gunzTarPerm extractEntry deps/libssh-0.6.4/tests/unittests/torture_keyfiles.c
663 silly gunzTarPerm extractEntry deps/libssh-0.6.4/tests/unittests/CMakeLists.txt
664 silly gentlyRm /Users/apt/linux-vag/node_modules/.staging/nan-e4fedb48/node_modules is being purged
665 verbose gentlyRm don't care about contents; nuking /Users/apt/linux-vag/node_modules/.staging/nan-e4fedb48/node_modules
666 silly gunzTarPerm extractEntry deps/libssh-0.6.4/tests/unittests/torture_callbacks.c
667 silly gunzTarPerm extractEntry deps/libssh-0.6.4/tests/unittests/torture_channel.c
668 silly gunzTarPerm extractEntry deps/libssh-0.6.4/tests/unittests/torture_init.c
669 silly gunzTarPerm extractEntry deps/libssh-0.6.4/tests/unittests/torture_isipaddr.c
670 silly gunzTarPerm extractEntry deps/libssh-0.6.4/tests/unittests/torture_buffer.c
671 silly gunzTarPerm extractEntry deps/libssh-0.6.4/tests/unittests/torture_list.c
672 silly gunzTarPerm extractEntry deps/libssh-0.6.4/tests/unittests/torture_misc.c
673 silly gunzTarPerm extractEntry deps/libssh-0.6.4/tests/unittests/torture_options.c
674 silly gunzTarPerm extractEntry deps/libssh-0.6.4/tests/unittests/torture_pki.c
675 silly gunzTarPerm extractEntry deps/libssh-0.6.4/tests/unittests/torture_rand.c
676 silly gunzTarPerm extractEntry deps/libssh-0.6.4/tests/valgrind.supp
677 silly gunzTarPerm extractEntry deps/libssh.gyp
678 silly gunzTarPerm extractEntry examples/exec.js
679 silly gunzTarPerm extractEntry examples/stdiopipe.js
680 silly gunzTarPerm extractEntry examples/term.js
681 silly gunzTarPerm extractEntry examples/trickysftp.js
682 silly gunzTarPerm extractEntry examples/fileforyou.txt
683 silly gunzTarPerm extractEntry CONTRIBUTING.md
684 silly gunzTarPerm extractEntry lib/channel.js
685 silly gunzTarPerm extractEntry lib/server.js
686 silly gunzTarPerm extractEntry lib/session.js
687 silly gunzTarPerm extractEntry lib/stat.js
688 silly gunzTarPerm extractEntry .dntrc
689 silly gunzTarPerm extractEntry src/server.cc
690 silly gunzTarPerm extractEntry src/channel.cc
691 silly gunzTarPerm extractEntry src/message.cc
692 silly gunzTarPerm extractEntry src/message.h
693 silly gunzTarPerm extractEntry src/nssh.cc
694 silly gunzTarPerm extractEntry src/nssh.h
695 silly gunzTarPerm extractEntry src/channel.h
696 silly gunzTarPerm extractEntry src/server.h
697 silly gunzTarPerm extractEntry src/session.cc
698 silly gunzTarPerm extractEntry src/session.h
699 silly gunzTarPerm extractEntry src/sftp_message.cc
700 silly gunzTarPerm extractEntry src/sftp_message.h
701 silly gunzTarPerm extractEntry test/basic-test.js
702 silly gunzTarPerm extractEntry test/exec-test.js
703 silly gunzTarPerm extractEntry test/execute-server.js
704 silly gunzTarPerm extractEntry test/sftp-test.js
705 silly gunzTarPerm extractEntry test/standard-connection-test.js
706 silly gunzTarPerm extractEntry test/util.js
707 silly gunzTarPerm extractEntry test/keys/host_dsa
708 silly gunzTarPerm extractEntry test/keys/host_dsa.pub
709 silly gunzTarPerm extractEntry test/keys/host_rsa
710 silly gunzTarPerm extractEntry test/keys/host_rsa.pub
711 silly gunzTarPerm extractEntry test/keys/id_rsa
712 silly gunzTarPerm extractEntry test/keys/id_rsa.pub
713 silly gunzTarPerm extractEntry test/testdata.bin
714 silly gentlyRm /Users/apt/linux-vag/node_modules/.staging/ssh-fa91ba51/node_modules is being purged
715 verbose gentlyRm don't care about contents; nuking /Users/apt/linux-vag/node_modules/.staging/ssh-fa91ba51/node_modules
716 silly doParallel preinstall 3
717 silly preinstall bindings@1.2.1 /Users/apt/linux-vag/node_modules/.staging/bindings-505e8472
718 info lifecycle bindings@1.2.1~preinstall: bindings@1.2.1
719 silly preinstall nan@1.9.0 /Users/apt/linux-vag/node_modules/.staging/nan-e4fedb48
720 info lifecycle nan@1.9.0~preinstall: nan@1.9.0
721 silly preinstall ssh@1.8.0 /Users/apt/linux-vag/node_modules/.staging/ssh-fa91ba51
722 info lifecycle ssh@1.8.0~preinstall: ssh@1.8.0
723 silly lifecycle bindings@1.2.1~preinstall: no script for preinstall, continuing
724 silly lifecycle nan@1.9.0~preinstall: no script for preinstall, continuing
725 silly lifecycle ssh@1.8.0~preinstall: no script for preinstall, continuing
726 silly doReverseSerial remove 0
727 silly doSerial move 0
728 silly doSerial finalize 3
729 silly finalize /Users/apt/linux-vag/node_modules/bindings
730 silly finalize /Users/apt/linux-vag/node_modules/nan
731 silly finalize /Users/apt/linux-vag/node_modules/ssh
732 silly doSerial build 3
733 silly build bindings@1.2.1
734 info linkStuff bindings@1.2.1
735 silly linkStuff bindings@1.2.1 has /Users/apt/linux-vag/node_modules as its parent node_modules
736 verbose linkBins bindings@1.2.1
737 verbose linkMans bindings@1.2.1
738 silly build nan@1.9.0
739 info linkStuff nan@1.9.0
740 silly linkStuff nan@1.9.0 has /Users/apt/linux-vag/node_modules as its parent node_modules
741 verbose linkBins nan@1.9.0
742 verbose linkMans nan@1.9.0
743 silly build ssh@1.8.0
744 info linkStuff ssh@1.8.0
745 silly linkStuff ssh@1.8.0 has /Users/apt/linux-vag/node_modules as its parent node_modules
746 verbose linkBins ssh@1.8.0
747 verbose linkMans ssh@1.8.0
748 silly doSerial global-link 0
749 silly doParallel update-linked 0
750 silly doSerial install 3
751 silly install bindings@1.2.1 /Users/apt/linux-vag/node_modules/.staging/bindings-505e8472
752 info lifecycle bindings@1.2.1~install: bindings@1.2.1
753 silly lifecycle bindings@1.2.1~install: no script for install, continuing
754 silly install nan@1.9.0 /Users/apt/linux-vag/node_modules/.staging/nan-e4fedb48
755 info lifecycle nan@1.9.0~install: nan@1.9.0
756 silly lifecycle nan@1.9.0~install: no script for install, continuing
757 silly install ssh@1.8.0 /Users/apt/linux-vag/node_modules/.staging/ssh-fa91ba51
758 info lifecycle ssh@1.8.0~install: ssh@1.8.0
759 verbose lifecycle ssh@1.8.0~install: unsafe-perm in lifecycle false
760 verbose lifecycle ssh@1.8.0~install: PATH: /usr/local/lib/node_modules/npm/bin/node-gyp-bin:/Users/apt/linux-vag/node_modules/ssh/node_modules/.bin:/Users/apt/linux-vag/node_modules/.bin:/bin:/sbin:/usr/bin:/usr/local/sbin:/usr/local/bin:/usr/local/bin:/usr/bin:/bin:/usr/sbin:/sbin:/opt/X11/bin
761 verbose lifecycle ssh@1.8.0~install: CWD: /Users/apt/linux-vag/node_modules/ssh
762 silly lifecycle ssh@1.8.0~install: Args: [ '-c', 'node-gyp rebuild' ]
763 silly lifecycle ssh@1.8.0~install: Returned: code: 1  signal: null
764 info lifecycle ssh@1.8.0~install: Failed to exec install script
765 verbose unlock done using /Users/apt/.npm/_locks/staging-b84e9dcafd64c854.lock for /Users/apt/linux-vag/node_modules/.staging
766 silly rollbackFailedOptional Starting
767 silly rollbackFailedOptional Finishing
768 silly runTopLevelLifecycles Finishing
769 silly install printInstalled
770 warn enoent ENOENT: no such file or directory, open '/Users/apt/linux-vag/package.json'
771 verbose enoent ENOENT: no such file or directory, open '/Users/apt/linux-vag/package.json'
771 verbose enoent This is most likely not a problem with npm itself
771 verbose enoent and is related to npm not being able to find a file.
772 warn linux-vag No description
773 verbose If you need help, you may report this error at:
773 verbose     <https://github.com/npm/npm/issues>
774 warn linux-vag No repository field.
775 verbose If you need help, you may report this error at:
775 verbose     <https://github.com/npm/npm/issues>
776 warn linux-vag No README data
777 verbose If you need help, you may report this error at:
777 verbose     <https://github.com/npm/npm/issues>
778 warn linux-vag No license field.
779 verbose If you need help, you may report this error at:
779 verbose     <https://github.com/npm/npm/issues>
780 verbose stack Error: ssh@1.8.0 install: `node-gyp rebuild`
780 verbose stack Exit status 1
780 verbose stack     at EventEmitter.<anonymous> (/usr/local/lib/node_modules/npm/lib/utils/lifecycle.js:255:16)
780 verbose stack     at emitTwo (events.js:106:13)
780 verbose stack     at EventEmitter.emit (events.js:191:7)
780 verbose stack     at ChildProcess.<anonymous> (/usr/local/lib/node_modules/npm/lib/utils/spawn.js:40:14)
780 verbose stack     at emitTwo (events.js:106:13)
780 verbose stack     at ChildProcess.emit (events.js:191:7)
780 verbose stack     at maybeClose (internal/child_process.js:885:16)
780 verbose stack     at Process.ChildProcess._handle.onexit (internal/child_process.js:226:5)
781 verbose pkgid ssh@1.8.0
782 verbose cwd /Users/apt/linux-vag
783 error Darwin 16.0.0
784 error argv "/usr/local/bin/node" "/usr/local/bin/npm" "install" "ssh"
785 error node v7.1.0
786 error npm  v3.10.9
787 error code ELIFECYCLE
788 error ssh@1.8.0 install: `node-gyp rebuild`
788 error Exit status 1
789 error Failed at the ssh@1.8.0 install script 'node-gyp rebuild'.
789 error Make sure you have the latest version of node.js and npm installed.
789 error If you do, this is most likely a problem with the ssh package,
789 error not with npm itself.
789 error Tell the author that this fails on your system:
789 error     node-gyp rebuild
789 error You can get information on how to open an issue for this project with:
789 error     npm bugs ssh
789 error Or if that isn't available, you can get their info via:
789 error     npm owner ls ssh
789 error There is likely additional logging output above.
790 verbose exit [ 1, true ]
